<?xml version="1.0" encoding="UTF-8"?>
<testsuite xmlns:xsi="http://www.w3.org/2001/XMLSchema-instance" xsi:noNamespaceSchemaLocation="https://maven.apache.org/surefire/maven-surefire-plugin/xsd/surefire-test-report.xsd" name="zest.FindDuplicateTest" time="0.05" tests="7" errors="0" skipped="0" failures="0">
  <properties>
[...]
</properties>
  <testcase name="testArrayElementRange" classname="zest.FindDuplicateTest" time="0.036"/>
  <testcase name="testIsElementOfWithNonExistingElement" classname="zest.FindDuplicateTest" time="0"/>
  <testcase name="testElementAboveRange" classname="zest.FindDuplicateTest" time="0"/>
  <testcase name="testWithNullArray" classname="zest.FindDuplicateTest" time="0.001"/>
  <testcase name="testArrayTooShort" classname="zest.FindDuplicateTest" time="0.001"/>
  <testcase name="testElementBelowRange" classname="zest.FindDuplicateTest" time="0.001"/>
  <testcase name="testNormalOperation" classname="zest.FindDuplicateTest" time="0.002"/>
</testsuite>